<?xml version="1.0" encoding="UTF-8"?>
<!-- Generated by org.testng.reporters.JUnitXMLReporter -->
<testsuite hostname="VWVITHLPUA420" ignored="0" name="Test" tests="1" failures="1" timestamp="17 Feb 2021 11:27:15 GMT" time="10.13" errors="0">
  <testcase name="logincheck" time="10.091" classname="com.VW.tests.TestCase1">
    <failure type="java.lang.NullPointerException">
      <![CDATA[java.lang.NullPointerException
	at com.VW.utility.Browserfactory.quiteBrowser(Browserfactory.java:63)
	at com.VW.tests.TestCase1.logincheck(TestCase1.java:19)
... Removed 25 stack frames]]>
    </failure>
  </testcase> <!-- logincheck -->
</testsuite> <!-- Test -->
